<?xml version="1.0" encoding="UTF-8"?>
<testsuite name="de.suitepad.packagelist.ExampleUnitTest" tests="1" skipped="0" failures="0" errors="0" timestamp="2018-02-16T23:44:40" hostname="Nuhs-MacBook-Air.local" time="0.0">
  <properties/>
  <testcase name="addition_isCorrect" classname="de.suitepad.packagelist.ExampleUnitTest" time="0.0"/>
  <system-out><![CDATA[]]></system-out>
  <system-err><![CDATA[]]></system-err>
</testsuite>
